  tSingleton.cpp
  UtilityForOperat.cpp
  UtilityMoveLine.cpp
  dxLibDebug.cpp
  dxLibDebugLog.cpp
  dxLibCommon.cpp
  dxLibInit.cpp
  dxLibSetup.cpp
  dxLibKeyPadUtility.cpp
  appEffekseer.cpp
  appEffekseerData.cpp
  appEffekseerLib.cpp
  Main.cpp
  InitializeScene.cpp
  StartScene.cpp
  AppSetting.cpp
  AppSystem.cpp
  AppProcess.cpp
  TaskInfo.cpp
  TaskLib.cpp
  コードを生成中...
Effekseer_vs2017_x64_d.lib(Effekseer.Color.obj) : warning LNK4099: PDB 'effekseer.pdb' が 'Effekseer_vs2017_x64_d.lib(Effekseer.Color.obj)' で、または 'D:\Program\Project\Develop\cervidae_lib\program\cervidae.proj\x64\Debug\effekseer.pdb' に見つかりません。デバッグ情報がないものとして、オブジェクトにリンクします。
Effekseer_vs2017_x64_d.lib(Effekseer.DefaultEffectLoader.obj) : warning LNK4099: PDB 'effekseer.pdb' が 'Effekseer_vs2017_x64_d.lib(Effekseer.DefaultEffectLoader.obj)' で、または 'D:\Program\Project\Develop\cervidae_lib\program\cervidae.proj\x64\Debug\effekseer.pdb' に見つかりません。デバッグ情報がないものとして、オブジェクトにリンクします。
Effekseer_vs2017_x64_d.lib(Effekseer.DefaultFile.obj) : warning LNK4099: PDB 'effekseer.pdb' が 'Effekseer_vs2017_x64_d.lib(Effekseer.DefaultFile.obj)' で、または 'D:\Program\Project\Develop\cervidae_lib\program\cervidae.proj\x64\Debug\effekseer.pdb' に見つかりません。デバッグ情報がないものとして、オブジェクトにリンクします。
Effekseer_vs2017_x64_d.lib(Effekseer.Effect.obj) : warning LNK4099: PDB 'effekseer.pdb' が 'Effekseer_vs2017_x64_d.lib(Effekseer.Effect.obj)' で、または 'D:\Program\Project\Develop\cervidae_lib\program\cervidae.proj\x64\Debug\effekseer.pdb' に見つかりません。デバッグ情報がないものとして、オブジェクトにリンクします。
Effekseer_vs2017_x64_d.lib(Effekseer.EffectNode.obj) : warning LNK4099: PDB 'effekseer.pdb' が 'Effekseer_vs2017_x64_d.lib(Effekseer.EffectNode.obj)' で、または 'D:\Program\Project\Develop\cervidae_lib\program\cervidae.proj\x64\Debug\effekseer.pdb' に見つかりません。デバッグ情報がないものとして、オブジェクトにリンクします。
Effekseer_vs2017_x64_d.lib(Effekseer.EffectNodeModel.obj) : warning LNK4099: PDB 'effekseer.pdb' が 'Effekseer_vs2017_x64_d.lib(Effekseer.EffectNodeModel.obj)' で、または 'D:\Program\Project\Develop\cervidae_lib\program\cervidae.proj\x64\Debug\effekseer.pdb' に見つかりません。デバッグ情報がないものとして、オブジェクトにリンクします。
Effekseer_vs2017_x64_d.lib(Effekseer.EffectNodeRibbon.obj) : warning LNK4099: PDB 'effekseer.pdb' が 'Effekseer_vs2017_x64_d.lib(Effekseer.EffectNodeRibbon.obj)' で、または 'D:\Program\Project\Develop\cervidae_lib\program\cervidae.proj\x64\Debug\effekseer.pdb' に見つかりません。デバッグ情報がないものとして、オブジェクトにリンクします。
Effekseer_vs2017_x64_d.lib(Effekseer.EffectNodeRing.obj) : warning LNK4099: PDB 'effekseer.pdb' が 'Effekseer_vs2017_x64_d.lib(Effekseer.EffectNodeRing.obj)' で、または 'D:\Program\Project\Develop\cervidae_lib\program\cervidae.proj\x64\Debug\effekseer.pdb' に見つかりません。デバッグ情報がないものとして、オブジェクトにリンクします。
Effekseer_vs2017_x64_d.lib(Effekseer.EffectNodeSprite.obj) : warning LNK4099: PDB 'effekseer.pdb' が 'Effekseer_vs2017_x64_d.lib(Effekseer.EffectNodeSprite.obj)' で、または 'D:\Program\Project\Develop\cervidae_lib\program\cervidae.proj\x64\Debug\effekseer.pdb' に見つかりません。デバッグ情報がないものとして、オブジェクトにリンクします。
Effekseer_vs2017_x64_d.lib(Effekseer.EffectNodeTrack.obj) : warning LNK4099: PDB 'effekseer.pdb' が 'Effekseer_vs2017_x64_d.lib(Effekseer.EffectNodeTrack.obj)' で、または 'D:\Program\Project\Develop\cervidae_lib\program\cervidae.proj\x64\Debug\effekseer.pdb' に見つかりません。デバッグ情報がないものとして、オブジェクトにリンクします。
Effekseer_vs2017_x64_d.lib(Effekseer.FCurves.obj) : warning LNK4099: PDB 'effekseer.pdb' が 'Effekseer_vs2017_x64_d.lib(Effekseer.FCurves.obj)' で、または 'D:\Program\Project\Develop\cervidae_lib\program\cervidae.proj\x64\Debug\effekseer.pdb' に見つかりません。デバッグ情報がないものとして、オブジェクトにリンクします。
Effekseer_vs2017_x64_d.lib(Effekseer.Instance.obj) : warning LNK4099: PDB 'effekseer.pdb' が 'Effekseer_vs2017_x64_d.lib(Effekseer.Instance.obj)' で、または 'D:\Program\Project\Develop\cervidae_lib\program\cervidae.proj\x64\Debug\effekseer.pdb' に見つかりません。デバッグ情報がないものとして、オブジェクトにリンクします。
Effekseer_vs2017_x64_d.lib(Effekseer.InstanceContainer.obj) : warning LNK4099: PDB 'effekseer.pdb' が 'Effekseer_vs2017_x64_d.lib(Effekseer.InstanceContainer.obj)' で、または 'D:\Program\Project\Develop\cervidae_lib\program\cervidae.proj\x64\Debug\effekseer.pdb' に見つかりません。デバッグ情報がないものとして、オブジェクトにリンクします。
Effekseer_vs2017_x64_d.lib(Effekseer.InstanceGlobal.obj) : warning LNK4099: PDB 'effekseer.pdb' が 'Effekseer_vs2017_x64_d.lib(Effekseer.InstanceGlobal.obj)' で、または 'D:\Program\Project\Develop\cervidae_lib\program\cervidae.proj\x64\Debug\effekseer.pdb' に見つかりません。デバッグ情報がないものとして、オブジェクトにリンクします。
Effekseer_vs2017_x64_d.lib(Effekseer.InstanceGroup.obj) : warning LNK4099: PDB 'effekseer.pdb' が 'Effekseer_vs2017_x64_d.lib(Effekseer.InstanceGroup.obj)' で、または 'D:\Program\Project\Develop\cervidae_lib\program\cervidae.proj\x64\Debug\effekseer.pdb' に見つかりません。デバッグ情報がないものとして、オブジェクトにリンクします。
Effekseer_vs2017_x64_d.lib(Effekseer.Manager.obj) : warning LNK4099: PDB 'effekseer.pdb' が 'Effekseer_vs2017_x64_d.lib(Effekseer.Manager.obj)' で、または 'D:\Program\Project\Develop\cervidae_lib\program\cervidae.proj\x64\Debug\effekseer.pdb' に見つかりません。デバッグ情報がないものとして、オブジェクトにリンクします。
Effekseer_vs2017_x64_d.lib(Effekseer.Matrix43.obj) : warning LNK4099: PDB 'effekseer.pdb' が 'Effekseer_vs2017_x64_d.lib(Effekseer.Matrix43.obj)' で、または 'D:\Program\Project\Develop\cervidae_lib\program\cervidae.proj\x64\Debug\effekseer.pdb' に見つかりません。デバッグ情報がないものとして、オブジェクトにリンクします。
Effekseer_vs2017_x64_d.lib(Effekseer.Matrix44.obj) : warning LNK4099: PDB 'effekseer.pdb' が 'Effekseer_vs2017_x64_d.lib(Effekseer.Matrix44.obj)' で、または 'D:\Program\Project\Develop\cervidae_lib\program\cervidae.proj\x64\Debug\effekseer.pdb' に見つかりません。デバッグ情報がないものとして、オブジェクトにリンクします。
Effekseer_vs2017_x64_d.lib(Effekseer.RectF.obj) : warning LNK4099: PDB 'effekseer.pdb' が 'Effekseer_vs2017_x64_d.lib(Effekseer.RectF.obj)' で、または 'D:\Program\Project\Develop\cervidae_lib\program\cervidae.proj\x64\Debug\effekseer.pdb' に見つかりません。デバッグ情報がないものとして、オブジェクトにリンクします。
Effekseer_vs2017_x64_d.lib(Effekseer.Setting.obj) : warning LNK4099: PDB 'effekseer.pdb' が 'Effekseer_vs2017_x64_d.lib(Effekseer.Setting.obj)' で、または 'D:\Program\Project\Develop\cervidae_lib\program\cervidae.proj\x64\Debug\effekseer.pdb' に見つかりません。デバッグ情報がないものとして、オブジェクトにリンクします。
Effekseer_vs2017_x64_d.lib(Effekseer.Server.obj) : warning LNK4099: PDB 'effekseer.pdb' が 'Effekseer_vs2017_x64_d.lib(Effekseer.Server.obj)' で、または 'D:\Program\Project\Develop\cervidae_lib\program\cervidae.proj\x64\Debug\effekseer.pdb' に見つかりません。デバッグ情報がないものとして、オブジェクトにリンクします。
Effekseer_vs2017_x64_d.lib(Effekseer.Socket.obj) : warning LNK4099: PDB 'effekseer.pdb' が 'Effekseer_vs2017_x64_d.lib(Effekseer.Socket.obj)' で、または 'D:\Program\Project\Develop\cervidae_lib\program\cervidae.proj\x64\Debug\effekseer.pdb' に見つかりません。デバッグ情報がないものとして、オブジェクトにリンクします。
Effekseer_vs2017_x64_d.lib(Effekseer.Vector2D.obj) : warning LNK4099: PDB 'effekseer.pdb' が 'Effekseer_vs2017_x64_d.lib(Effekseer.Vector2D.obj)' で、または 'D:\Program\Project\Develop\cervidae_lib\program\cervidae.proj\x64\Debug\effekseer.pdb' に見つかりません。デバッグ情報がないものとして、オブジェクトにリンクします。
Effekseer_vs2017_x64_d.lib(Effekseer.Vector3D.obj) : warning LNK4099: PDB 'effekseer.pdb' が 'Effekseer_vs2017_x64_d.lib(Effekseer.Vector3D.obj)' で、または 'D:\Program\Project\Develop\cervidae_lib\program\cervidae.proj\x64\Debug\effekseer.pdb' に見つかりません。デバッグ情報がないものとして、オブジェクトにリンクします。
Effekseer_vs2017_x64_d.lib(Culling3D.Grid.obj) : warning LNK4099: PDB 'effekseer.pdb' が 'Effekseer_vs2017_x64_d.lib(Culling3D.Grid.obj)' で、または 'D:\Program\Project\Develop\cervidae_lib\program\cervidae.proj\x64\Debug\effekseer.pdb' に見つかりません。デバッグ情報がないものとして、オブジェクトにリンクします。
Effekseer_vs2017_x64_d.lib(Culling3D.Layer.obj) : warning LNK4099: PDB 'effekseer.pdb' が 'Effekseer_vs2017_x64_d.lib(Culling3D.Layer.obj)' で、または 'D:\Program\Project\Develop\cervidae_lib\program\cervidae.proj\x64\Debug\effekseer.pdb' に見つかりません。デバッグ情報がないものとして、オブジェクトにリンクします。
Effekseer_vs2017_x64_d.lib(Culling3D.Matrix44.obj) : warning LNK4099: PDB 'effekseer.pdb' が 'Effekseer_vs2017_x64_d.lib(Culling3D.Matrix44.obj)' で、または 'D:\Program\Project\Develop\cervidae_lib\program\cervidae.proj\x64\Debug\effekseer.pdb' に見つかりません。デバッグ情報がないものとして、オブジェクトにリンクします。
Effekseer_vs2017_x64_d.lib(Culling3D.ObjectInternal.obj) : warning LNK4099: PDB 'effekseer.pdb' が 'Effekseer_vs2017_x64_d.lib(Culling3D.ObjectInternal.obj)' で、または 'D:\Program\Project\Develop\cervidae_lib\program\cervidae.proj\x64\Debug\effekseer.pdb' に見つかりません。デバッグ情報がないものとして、オブジェクトにリンクします。
Effekseer_vs2017_x64_d.lib(Culling3D.ReferenceObject.obj) : warning LNK4099: PDB 'effekseer.pdb' が 'Effekseer_vs2017_x64_d.lib(Culling3D.ReferenceObject.obj)' で、または 'D:\Program\Project\Develop\cervidae_lib\program\cervidae.proj\x64\Debug\effekseer.pdb' に見つかりません。デバッグ情報がないものとして、オブジェクトにリンクします。
Effekseer_vs2017_x64_d.lib(Culling3D.Vector3DF.obj) : warning LNK4099: PDB 'effekseer.pdb' が 'Effekseer_vs2017_x64_d.lib(Culling3D.Vector3DF.obj)' で、または 'D:\Program\Project\Develop\cervidae_lib\program\cervidae.proj\x64\Debug\effekseer.pdb' に見つかりません。デバッグ情報がないものとして、オブジェクトにリンクします。
Effekseer_vs2017_x64_d.lib(Culling3D.WorldInternal.obj) : warning LNK4099: PDB 'effekseer.pdb' が 'Effekseer_vs2017_x64_d.lib(Culling3D.WorldInternal.obj)' で、または 'D:\Program\Project\Develop\cervidae_lib\program\cervidae.proj\x64\Debug\effekseer.pdb' に見つかりません。デバッグ情報がないものとして、オブジェクトにリンクします。
EffekseerRendererDX9_vs2017_x64_d.lib(EffekseerRendererDX9.DeviceObject.obj) : warning LNK4099: PDB 'effekseer_renderer_dx9.pdb' が 'EffekseerRendererDX9_vs2017_x64_d.lib(EffekseerRendererDX9.DeviceObject.obj)' で、または 'D:\Program\Project\Develop\cervidae_lib\program\cervidae.proj\x64\Debug\effekseer_renderer_dx9.pdb' に見つかりません。デバッグ情報がないものとして、オブジェクトにリンクします。
EffekseerRendererDX9_vs2017_x64_d.lib(EffekseerRendererDX9.IndexBuffer.obj) : warning LNK4099: PDB 'effekseer_renderer_dx9.pdb' が 'EffekseerRendererDX9_vs2017_x64_d.lib(EffekseerRendererDX9.IndexBuffer.obj)' で、または 'D:\Program\Project\Develop\cervidae_lib\program\cervidae.proj\x64\Debug\effekseer_renderer_dx9.pdb' に見つかりません。デバッグ情報がないものとして、オブジェクトにリンクします。
EffekseerRendererDX9_vs2017_x64_d.lib(EffekseerRendererDX9.ModelLoader.obj) : warning LNK4099: PDB 'effekseer_renderer_dx9.pdb' が 'EffekseerRendererDX9_vs2017_x64_d.lib(EffekseerRendererDX9.ModelLoader.obj)' で、または 'D:\Program\Project\Develop\cervidae_lib\program\cervidae.proj\x64\Debug\effekseer_renderer_dx9.pdb' に見つかりません。デバッグ情報がないものとして、オブジェクトにリンクします。
EffekseerRendererDX9_vs2017_x64_d.lib(EffekseerRendererDX9.ModelRenderer.obj) : warning LNK4099: PDB 'effekseer_renderer_dx9.pdb' が 'EffekseerRendererDX9_vs2017_x64_d.lib(EffekseerRendererDX9.ModelRenderer.obj)' で、または 'D:\Program\Project\Develop\cervidae_lib\program\cervidae.proj\x64\Debug\effekseer_renderer_dx9.pdb' に見つかりません。デバッグ情報がないものとして、オブジェクトにリンクします。
EffekseerRendererDX9_vs2017_x64_d.lib(EffekseerRendererDX9.Renderer.obj) : warning LNK4099: PDB 'effekseer_renderer_dx9.pdb' が 'EffekseerRendererDX9_vs2017_x64_d.lib(EffekseerRendererDX9.Renderer.obj)' で、または 'D:\Program\Project\Develop\cervidae_lib\program\cervidae.proj\x64\Debug\effekseer_renderer_dx9.pdb' に見つかりません。デバッグ情報がないものとして、オブジェクトにリンクします。
EffekseerRendererDX9_vs2017_x64_d.lib(EffekseerRendererDX9.RenderState.obj) : warning LNK4099: PDB 'effekseer_renderer_dx9.pdb' が 'EffekseerRendererDX9_vs2017_x64_d.lib(EffekseerRendererDX9.RenderState.obj)' で、または 'D:\Program\Project\Develop\cervidae_lib\program\cervidae.proj\x64\Debug\effekseer_renderer_dx9.pdb' に見つかりません。デバッグ情報がないものとして、オブジェクトにリンクします。
EffekseerRendererDX9_vs2017_x64_d.lib(EffekseerRendererDX9.Shader.obj) : warning LNK4099: PDB 'effekseer_renderer_dx9.pdb' が 'EffekseerRendererDX9_vs2017_x64_d.lib(EffekseerRendererDX9.Shader.obj)' で、または 'D:\Program\Project\Develop\cervidae_lib\program\cervidae.proj\x64\Debug\effekseer_renderer_dx9.pdb' に見つかりません。デバッグ情報がないものとして、オブジェクトにリンクします。
EffekseerRendererDX9_vs2017_x64_d.lib(EffekseerRendererDX9.TextureLoader.obj) : warning LNK4099: PDB 'effekseer_renderer_dx9.pdb' が 'EffekseerRendererDX9_vs2017_x64_d.lib(EffekseerRendererDX9.TextureLoader.obj)' で、または 'D:\Program\Project\Develop\cervidae_lib\program\cervidae.proj\x64\Debug\effekseer_renderer_dx9.pdb' に見つかりません。デバッグ情報がないものとして、オブジェクトにリンクします。
EffekseerRendererDX9_vs2017_x64_d.lib(EffekseerRendererDX9.VertexBuffer.obj) : warning LNK4099: PDB 'effekseer_renderer_dx9.pdb' が 'EffekseerRendererDX9_vs2017_x64_d.lib(EffekseerRendererDX9.VertexBuffer.obj)' で、または 'D:\Program\Project\Develop\cervidae_lib\program\cervidae.proj\x64\Debug\effekseer_renderer_dx9.pdb' に見つかりません。デバッグ情報がないものとして、オブジェクトにリンクします。
EffekseerRendererDX9_vs2017_x64_d.lib(EffekseerRenderer.IndexBufferBase.obj) : warning LNK4099: PDB 'effekseer_renderer_dx9.pdb' が 'EffekseerRendererDX9_vs2017_x64_d.lib(EffekseerRenderer.IndexBufferBase.obj)' で、または 'D:\Program\Project\Develop\cervidae_lib\program\cervidae.proj\x64\Debug\effekseer_renderer_dx9.pdb' に見つかりません。デバッグ情報がないものとして、オブジェクトにリンクします。
EffekseerRendererDX9_vs2017_x64_d.lib(EffekseerRenderer.RenderStateBase.obj) : warning LNK4099: PDB 'effekseer_renderer_dx9.pdb' が 'EffekseerRendererDX9_vs2017_x64_d.lib(EffekseerRenderer.RenderStateBase.obj)' で、または 'D:\Program\Project\Develop\cervidae_lib\program\cervidae.proj\x64\Debug\effekseer_renderer_dx9.pdb' に見つかりません。デバッグ情報がないものとして、オブジェクトにリンクします。
EffekseerRendererDX9_vs2017_x64_d.lib(EffekseerRenderer.VertexBufferBase.obj) : warning LNK4099: PDB 'effekseer_renderer_dx9.pdb' が 'EffekseerRendererDX9_vs2017_x64_d.lib(EffekseerRenderer.VertexBufferBase.obj)' で、または 'D:\Program\Project\Develop\cervidae_lib\program\cervidae.proj\x64\Debug\effekseer_renderer_dx9.pdb' に見つかりません。デバッグ情報がないものとして、オブジェクトにリンクします。
EffekseerRendererDX9_vs2017_x64_d.lib(EffekseerRenderer.DDSTextureLoader.obj) : warning LNK4099: PDB 'effekseer_renderer_dx9.pdb' が 'EffekseerRendererDX9_vs2017_x64_d.lib(EffekseerRenderer.DDSTextureLoader.obj)' で、または 'D:\Program\Project\Develop\cervidae_lib\program\cervidae.proj\x64\Debug\effekseer_renderer_dx9.pdb' に見つかりません。デバッグ情報がないものとして、オブジェクトにリンクします。
EffekseerRendererDX9_vs2017_x64_d.lib(EffekseerRenderer.DXTK.DDSTextureLoader.obj) : warning LNK4099: PDB 'effekseer_renderer_dx9.pdb' が 'EffekseerRendererDX9_vs2017_x64_d.lib(EffekseerRenderer.DXTK.DDSTextureLoader.obj)' で、または 'D:\Program\Project\Develop\cervidae_lib\program\cervidae.proj\x64\Debug\effekseer_renderer_dx9.pdb' に見つかりません。デバッグ情報がないものとして、オブジェクトにリンクします。
EffekseerRendererDX9_vs2017_x64_d.lib(EffekseerRenderer.PngTextureLoader.obj) : warning LNK4099: PDB 'effekseer_renderer_dx9.pdb' が 'EffekseerRendererDX9_vs2017_x64_d.lib(EffekseerRenderer.PngTextureLoader.obj)' で、または 'D:\Program\Project\Develop\cervidae_lib\program\cervidae.proj\x64\Debug\effekseer_renderer_dx9.pdb' に見つかりません。デバッグ情報がないものとして、オブジェクトにリンクします。
EffekseerRendererDX11_vs2017_x64_d.lib(EffekseerRendererDX11.DeviceObject.obj) : warning LNK4099: PDB 'effekseer_renderer_dx11.pdb' が 'EffekseerRendererDX11_vs2017_x64_d.lib(EffekseerRendererDX11.DeviceObject.obj)' で、または 'D:\Program\Project\Develop\cervidae_lib\program\cervidae.proj\x64\Debug\effekseer_renderer_dx11.pdb' に見つかりません。デバッグ情報がないものとして、オブジェクトにリンクします。
EffekseerRendererDX11_vs2017_x64_d.lib(EffekseerRendererDX11.IndexBuffer.obj) : warning LNK4099: PDB 'effekseer_renderer_dx11.pdb' が 'EffekseerRendererDX11_vs2017_x64_d.lib(EffekseerRendererDX11.IndexBuffer.obj)' で、または 'D:\Program\Project\Develop\cervidae_lib\program\cervidae.proj\x64\Debug\effekseer_renderer_dx11.pdb' に見つかりません。デバッグ情報がないものとして、オブジェクトにリンクします。
EffekseerRendererDX11_vs2017_x64_d.lib(EffekseerRendererDX11.ModelLoader.obj) : warning LNK4099: PDB 'effekseer_renderer_dx11.pdb' が 'EffekseerRendererDX11_vs2017_x64_d.lib(EffekseerRendererDX11.ModelLoader.obj)' で、または 'D:\Program\Project\Develop\cervidae_lib\program\cervidae.proj\x64\Debug\effekseer_renderer_dx11.pdb' に見つかりません。デバッグ情報がないものとして、オブジェクトにリンクします。
EffekseerRendererDX11_vs2017_x64_d.lib(EffekseerRendererDX11.ModelRenderer.obj) : warning LNK4099: PDB 'effekseer_renderer_dx11.pdb' が 'EffekseerRendererDX11_vs2017_x64_d.lib(EffekseerRendererDX11.ModelRenderer.obj)' で、または 'D:\Program\Project\Develop\cervidae_lib\program\cervidae.proj\x64\Debug\effekseer_renderer_dx11.pdb' に見つかりません。デバッグ情報がないものとして、オブジェクトにリンクします。
EffekseerRendererDX11_vs2017_x64_d.lib(EffekseerRendererDX11.Renderer.obj) : warning LNK4099: PDB 'effekseer_renderer_dx11.pdb' が 'EffekseerRendererDX11_vs2017_x64_d.lib(EffekseerRendererDX11.Renderer.obj)' で、または 'D:\Program\Project\Develop\cervidae_lib\program\cervidae.proj\x64\Debug\effekseer_renderer_dx11.pdb' に見つかりません。デバッグ情報がないものとして、オブジェクトにリンクします。
EffekseerRendererDX11_vs2017_x64_d.lib(EffekseerRendererDX11.RenderState.obj) : warning LNK4099: PDB 'effekseer_renderer_dx11.pdb' が 'EffekseerRendererDX11_vs2017_x64_d.lib(EffekseerRendererDX11.RenderState.obj)' で、または 'D:\Program\Project\Develop\cervidae_lib\program\cervidae.proj\x64\Debug\effekseer_renderer_dx11.pdb' に見つかりません。デバッグ情報がないものとして、オブジェクトにリンクします。
EffekseerRendererDX11_vs2017_x64_d.lib(EffekseerRendererDX11.Shader.obj) : warning LNK4099: PDB 'effekseer_renderer_dx11.pdb' が 'EffekseerRendererDX11_vs2017_x64_d.lib(EffekseerRendererDX11.Shader.obj)' で、または 'D:\Program\Project\Develop\cervidae_lib\program\cervidae.proj\x64\Debug\effekseer_renderer_dx11.pdb' に見つかりません。デバッグ情報がないものとして、オブジェクトにリンクします。
EffekseerRendererDX11_vs2017_x64_d.lib(EffekseerRendererDX11.TextureLoader.obj) : warning LNK4099: PDB 'effekseer_renderer_dx11.pdb' が 'EffekseerRendererDX11_vs2017_x64_d.lib(EffekseerRendererDX11.TextureLoader.obj)' で、または 'D:\Program\Project\Develop\cervidae_lib\program\cervidae.proj\x64\Debug\effekseer_renderer_dx11.pdb' に見つかりません。デバッグ情報がないものとして、オブジェクトにリンクします。
EffekseerRendererDX11_vs2017_x64_d.lib(EffekseerRendererDX11.VertexBuffer.obj) : warning LNK4099: PDB 'effekseer_renderer_dx11.pdb' が 'EffekseerRendererDX11_vs2017_x64_d.lib(EffekseerRendererDX11.VertexBuffer.obj)' で、または 'D:\Program\Project\Develop\cervidae_lib\program\cervidae.proj\x64\Debug\effekseer_renderer_dx11.pdb' に見つかりません。デバッグ情報がないものとして、オブジェクトにリンクします。
EffekseerForDXLib_vs2017_x64_d.lib(EffekseerForDXLib.obj) : warning LNK4099: PDB 'EffekseerForDXLib_vs2017.pdb' が 'EffekseerForDXLib_vs2017_x64_d.lib(EffekseerForDXLib.obj)' で、または 'D:\Program\Project\Develop\cervidae_lib\program\cervidae.proj\x64\Debug\EffekseerForDXLib_vs2017.pdb' に見つかりません。デバッグ情報がないものとして、オブジェクトにリンクします。
  program.vcxproj -> D:\Program\Project\Develop\cervidae_lib\program\cervidae.proj\x64\Debug\program.exe
